[2013-06-07 14:19:32,324] main SettingsFactory WARN : Could not obtain connection metadata
java.sql.SQLException: Access denied for user 'root'@'localhost' (using password: YES)
	at com.mysql.jdbc.SQLError.createSQLException(SQLError.java:1073)
	at com.mysql.jdbc.MysqlIO.checkErrorPacket(MysqlIO.java:3609)
	at com.mysql.jdbc.MysqlIO.checkErrorPacket(MysqlIO.java:3541)
	at com.mysql.jdbc.MysqlIO.checkErrorPacket(MysqlIO.java:943)
	at com.mysql.jdbc.MysqlIO.secureAuth411(MysqlIO.java:4113)
	at com.mysql.jdbc.MysqlIO.doHandshake(MysqlIO.java:1308)
	at com.mysql.jdbc.ConnectionImpl.coreConnect(ConnectionImpl.java:2336)
	at com.mysql.jdbc.ConnectionImpl.connectOneTryOnly(ConnectionImpl.java:2369)
	at com.mysql.jdbc.ConnectionImpl.createNewIO(ConnectionImpl.java:2153)
	at com.mysql.jdbc.ConnectionImpl.<init>(ConnectionImpl.java:792)
	at com.mysql.jdbc.JDBC4Connection.<init>(JDBC4Connection.java:47)
	at sun.reflect.NativeConstructorAccessorImpl.newInstance0(Native Method)
	at sun.reflect.NativeConstructorAccessorImpl.newInstance(NativeConstructorAccessorImpl.java:57)
	at sun.reflect.DelegatingConstructorAccessorImpl.newInstance(DelegatingConstructorAccessorImpl.java:45)
	at java.lang.reflect.Constructor.newInstance(Constructor.java:525)
	at com.mysql.jdbc.Util.handleNewInstance(Util.java:411)
	at com.mysql.jdbc.ConnectionImpl.getInstance(ConnectionImpl.java:381)
	at com.mysql.jdbc.NonRegisteringDriver.connect(NonRegisteringDriver.java:305)
	at java.sql.DriverManager.getConnection(DriverManager.java:579)
	at java.sql.DriverManager.getConnection(DriverManager.java:190)
	at org.hibernate.connection.DriverManagerConnectionProvider.getConnection(DriverManagerConnectionProvider.java:110)
	at org.hibernate.cfg.SettingsFactory.buildSettings(SettingsFactory.java:84)
	at org.hibernate.cfg.Configuration.buildSettings(Configuration.java:2009)
	at org.hibernate.cfg.Configuration.buildSessionFactory(Configuration.java:1292)
	at org.hibernate.cfg.AnnotationConfiguration.buildSessionFactory(AnnotationConfiguration.java:859)
	at br.pr.corumbatai.pm.nfse.persistencia.HibernateUtil.getSession(HibernateUtil.java:53)
	at br.pr.corumbatai.pm.nfse.persistencia.DaoGenerico.getSession(DaoGenerico.java:110)
	at br.pr.corumbatai.pm.nfse.persistencia.DaoGenerico.getSession(DaoGenerico.java:114)
	at br.pr.corumbatai.pm.nfse.persistencia.DaoGenerico.deleteAll(DaoGenerico.java:49)
	at br.pr.corumbatai.pm.nfse.Main.popularMunicipios(Main.java:162)
	at br.pr.corumbatai.pm.nfse.Main.main(Main.java:45)
[2013-06-07 14:19:33,075] main JDBCExceptionReporter WARN : SQL Error: 1045, SQLState: 28000
[2013-06-07 14:19:33,076] main JDBCExceptionReporter ERROR: Access denied for user 'root'@'localhost' (using password: YES)
[2013-06-07 14:19:33,083] main JDBCExceptionReporter WARN : SQL Error: 1045, SQLState: 28000
[2013-06-07 14:19:33,083] main JDBCExceptionReporter ERROR: Access denied for user 'root'@'localhost' (using password: YES)
